#
# There is insufficient memory for the Java Runtime Environment to continue.
# Native memory allocation (malloc) failed to allocate 1048576 bytes. Error detail: AllocateHeap
# Possible reasons:
#   The system is out of physical RAM or swap space
#   This process is running with CompressedOops enabled, and the Java Heap may be blocking the growth of the native heap
# Possible solutions:
#   Reduce memory load on the system
#   Increase physical memory or swap space
#   Check if swap backing store is full
#   Decrease Java heap size (-Xmx/-Xms)
#   Decrease number of Java threads
#   Decrease Java thread stack sizes (-Xss)
#   Set larger code cache with -XX:ReservedCodeCacheSize=
#   JVM is running with Unscaled Compressed Oops mode in which the Java heap is
#     placed in the first 4GB address space. The Java Heap base address is the
#     maximum limit for the native heap growth. Please use -XX:HeapBaseMinAddress
#     to set the Java Heap base and to place the Java Heap above 4GB virtual address.
# This output file may be truncated or incomplete.
#
#  Out of Memory Error (allocation.cpp:44), pid=5556, tid=7856
#
# JRE version: OpenJDK Runtime Environment Temurin-21.0.8+9 (21.0.8+9) (build 21.0.8+9-LTS)
# Java VM: OpenJDK 64-Bit Server VM Temurin-21.0.8+9 (21.0.8+9-LTS, mixed mode, sharing, tiered, compressed oops, compressed class ptrs, parallel gc, windows-amd64)
# No core dump will be written. Minidumps are not enabled by default on client versions of Windows
#

---------------  S U M M A R Y ------------

Command Line: --add-modules=ALL-SYSTEM --add-opens=java.base/java.util=ALL-UNNAMED --add-opens=java.base/java.lang=ALL-UNNAMED --add-opens=java.base/sun.nio.fs=ALL-UNNAMED -Declipse.application=org.eclipse.jdt.ls.core.id1 -Dosgi.bundles.defaultStartLevel=4 -Declipse.product=org.eclipse.jdt.ls.core.product -Djava.import.generatesMetadataFilesAtProjectRoot=false -DDetectVMInstallationsJob.disabled=true -Dfile.encoding=utf8 -XX:+UseParallelGC -XX:GCTimeRatio=4 -XX:AdaptiveSizePolicyWeight=90 -Dsun.zip.disableMemoryMapping=true -Xmx2G -Xms100m -Xlog:disable -javaagent:c:\Users\royzo\.vscode\extensions\redhat.java-1.44.0-win32-x64\lombok\lombok-1.18.39-4050.jar -XX:+HeapDumpOnOutOfMemoryError -XX:HeapDumpPath=c:\Users\royzo\AppData\Roaming\Code\User\workspaceStorage\86c329e01a2da296686c24645df51296\redhat.java -Daether.dependencyCollector.impl=bf c:\Users\royzo\.vscode\extensions\redhat.java-1.44.0-win32-x64\server\plugins\org.eclipse.equinox.launcher_1.7.0.v20250519-0528.jar -configuration c:\Users\royzo\AppData\Roaming\Code\User\globalStorage\redhat.java\1.44.0\config_win -data c:\Users\royzo\AppData\Roaming\Code\User\workspaceStorage\86c329e01a2da296686c24645df51296\redhat.java\jdt_ws --pipe=\\.\pipe\lsp-18181ae93ab9927a172ffbf221ca2c67-sock

Host: AMD Ryzen 7 1700X Eight-Core Processor         , 16 cores, 31G,  Windows 10 , 64 bit Build 19041 (10.0.19041.5915)
Time: Wed Aug 13 14:28:33 2025 Eastern Daylight Time elapsed time: 11444.367340 seconds (0d 3h 10m 44s)

---------------  T H R E A D  ---------------

Current thread (0x000001e1395b29a0):  JavaThread "Attach Listener" daemon [_thread_in_vm, id=7856, stack(0x0000000b0fa00000,0x0000000b0fb00000) (1024K)]

Stack: [0x0000000b0fa00000,0x0000000b0fb00000]
Native frames: (J=compiled Java code, j=interpreted, Vv=VM code, C=native code)
V  [jvm.dll+0x6d2449]
V  [jvm.dll+0x8ae341]
V  [jvm.dll+0x8b08be]
V  [jvm.dll+0x8b0fa3]
V  [jvm.dll+0x280c96]
V  [jvm.dll+0xc0347]
V  [jvm.dll+0x6d2cf9]
V  [jvm.dll+0x131116]
V  [jvm.dll+0x3f2d16]
V  [jvm.dll+0x857e6b]
V  [jvm.dll+0x6d0b0d]
C  [ucrtbase.dll+0x21bb2]
C  [KERNEL32.DLL+0x17374]
C  [ntdll.dll+0x4cc91]


---------------  P R O C E S S  ---------------

Threads class SMR info:
_java_thread_list=0x000001e108037560, length=43, elements={
0x000001e122b0f770, 0x000001e122bde1c0, 0x000001e1395ae5a0, 0x000001e1395b1a90,
0x000001e1395b29a0, 0x000001e1395b57c0, 0x000001e1395b7220, 0x000001e1395b8890,
0x000001e17bc25760, 0x000001e17bceb8e0, 0x000001e17d2ef130, 0x000001e17d8cf9f0,
0x000001e17ddbc0d0, 0x000001e17de045d0, 0x000001e17ddba0e0, 0x000001e17e0b2d40,
0x000001e17e0b2040, 0x000001e17d6cdd40, 0x000001e17d6caf50, 0x000001e17d6cb5e0,
0x000001e17d3a6340, 0x000001e17d3a69d0, 0x000001e17d3a97c0, 0x000001e17d3a5cb0,
0x000001e17d3a8aa0, 0x000001e17d3a76f0, 0x000001e17d3a7060, 0x000001e17d3a7d80,
0x000001e17d3a2ec0, 0x000001e17d3a8410, 0x000001e17d3a4f90, 0x000001e17d3a3550,
0x000001e17d3a3be0, 0x000001e17d3a9130, 0x000001e17d3a2830, 0x000001e17d3a9e50,
0x000001e17d3a4270, 0x000001e17d3a4900, 0x000001e105f627d0, 0x000001e105f67d20,
0x000001e17fe6c7a0, 0x000001e1060e82d0, 0x000001e1060e75b0
}

Java Threads: ( => current thread )
  0x000001e122b0f770 JavaThread "main"                              [_thread_blocked, id=10840, stack(0x0000000b0f200000,0x0000000b0f300000) (1024K)]
  0x000001e122bde1c0 JavaThread "Reference Handler"          daemon [_thread_blocked, id=10768, stack(0x0000000b0f700000,0x0000000b0f800000) (1024K)]
  0x000001e1395ae5a0 JavaThread "Finalizer"                  daemon [_thread_blocked, id=17016, stack(0x0000000b0f800000,0x0000000b0f900000) (1024K)]
  0x000001e1395b1a90 JavaThread "Signal Dispatcher"          daemon [_thread_blocked, id=17776, stack(0x0000000b0f900000,0x0000000b0fa00000) (1024K)]
=>0x000001e1395b29a0 JavaThread "Attach Listener"            daemon [_thread_in_vm, id=7856, stack(0x0000000b0fa00000,0x0000000b0fb00000) (1024K)]
  0x000001e1395b57c0 JavaThread "Service Thread"             daemon [_thread_blocked, id=19900, stack(0x0000000b0fb00000,0x0000000b0fc00000) (1024K)]
  0x000001e1395b7220 JavaThread "Monitor Deflation Thread"   daemon [_thread_blocked, id=7768, stack(0x0000000b0fc00000,0x0000000b0fd00000) (1024K)]
  0x000001e1395b8890 JavaThread "C2 CompilerThread0"         daemon [_thread_blocked, id=9824, stack(0x0000000b0fd00000,0x0000000b0fe00000) (1024K)]
  0x000001e17bc25760 JavaThread "C1 CompilerThread0"         daemon [_thread_blocked, id=19068, stack(0x0000000b0fe00000,0x0000000b0ff00000) (1024K)]
  0x000001e17bceb8e0 JavaThread "Common-Cleaner"             daemon [_thread_blocked, id=2760, stack(0x0000000b0ff00000,0x0000000b10000000) (1024K)]
  0x000001e17d2ef130 JavaThread "Notification Thread"        daemon [_thread_blocked, id=3884, stack(0x0000000b10400000,0x0000000b10500000) (1024K)]
  0x000001e17d8cf9f0 JavaThread "Active Thread: Equinox Container: 11601957-a953-4ca6-8b62-bc9a3163400e"        [_thread_blocked, id=9268, stack(0x0000000b10e00000,0x0000000b10f00000) (1024K)]
  0x000001e17ddbc0d0 JavaThread "Refresh Thread: Equinox Container: 11601957-a953-4ca6-8b62-bc9a3163400e" daemon [_thread_blocked, id=20320, stack(0x0000000b10000000,0x0000000b10100000) (1024K)]
  0x000001e17de045d0 JavaThread "Framework Event Dispatcher: Equinox Container: 11601957-a953-4ca6-8b62-bc9a3163400e" daemon [_thread_blocked, id=19616, stack(0x0000000b10100000,0x0000000b10200000) (1024K)]
  0x000001e17ddba0e0 JavaThread "Start Level: Equinox Container: 11601957-a953-4ca6-8b62-bc9a3163400e" daemon [_thread_blocked, id=11028, stack(0x0000000b10200000,0x0000000b10300000) (1024K)]
  0x000001e17e0b2d40 JavaThread "Bundle File Closer"         daemon [_thread_blocked, id=21484, stack(0x0000000b11000000,0x0000000b11100000) (1024K)]
  0x000001e17e0b2040 JavaThread "SCR Component Actor"        daemon [_thread_blocked, id=2280, stack(0x0000000b10d00000,0x0000000b10e00000) (1024K)]
  0x000001e17d6cdd40 JavaThread "Worker-JM"                         [_thread_blocked, id=20544, stack(0x0000000b11600000,0x0000000b11700000) (1024K)]
  0x000001e17d6caf50 JavaThread "JNA Cleaner"                daemon [_thread_blocked, id=20580, stack(0x0000000b11a00000,0x0000000b11b00000) (1024K)]
  0x000001e17d6cb5e0 JavaThread "Java indexing"              daemon [_thread_blocked, id=20612, stack(0x0000000b11e00000,0x0000000b11f00000) (1024K)]
  0x000001e17d3a6340 JavaThread "Thread-2"                   daemon [_thread_in_native, id=20716, stack(0x0000000b12200000,0x0000000b12300000) (1024K)]
  0x000001e17d3a69d0 JavaThread "Thread-3"                   daemon [_thread_in_native, id=19884, stack(0x0000000b12300000,0x0000000b12400000) (1024K)]
  0x000001e17d3a97c0 JavaThread "Thread-4"                   daemon [_thread_in_native, id=20540, stack(0x0000000b12400000,0x0000000b12500000) (1024K)]
  0x000001e17d3a5cb0 JavaThread "Thread-5"                   daemon [_thread_in_native, id=7452, stack(0x0000000b12500000,0x0000000b12600000) (1024K)]
  0x000001e17d3a8aa0 JavaThread "Thread-6"                   daemon [_thread_in_native, id=20588, stack(0x0000000b12600000,0x0000000b12700000) (1024K)]
  0x000001e17d3a76f0 JavaThread "Thread-7"                   daemon [_thread_in_native, id=20804, stack(0x0000000b12700000,0x0000000b12800000) (1024K)]
  0x000001e17d3a7060 JavaThread "Thread-8"                   daemon [_thread_in_native, id=6244, stack(0x0000000b12800000,0x0000000b12900000) (1024K)]
  0x000001e17d3a7d80 JavaThread "Thread-9"                   daemon [_thread_in_native, id=16984, stack(0x0000000b12900000,0x0000000b12a00000) (1024K)]
  0x000001e17d3a2ec0 JavaThread "Thread-10"                  daemon [_thread_in_native, id=20972, stack(0x0000000b12a00000,0x0000000b12b00000) (1024K)]
  0x000001e17d3a8410 JavaThread "Thread-11"                  daemon [_thread_in_native, id=6816, stack(0x0000000b12b00000,0x0000000b12c00000) (1024K)]
  0x000001e17d3a4f90 JavaThread "Thread-12"                  daemon [_thread_in_native, id=20692, stack(0x0000000b12c00000,0x0000000b12d00000) (1024K)]
  0x000001e17d3a3550 JavaThread "Thread-13"                  daemon [_thread_in_native, id=20720, stack(0x0000000b12d00000,0x0000000b12e00000) (1024K)]
  0x000001e17d3a3be0 JavaThread "Thread-14"                  daemon [_thread_in_native, id=20864, stack(0x0000000b12e00000,0x0000000b12f00000) (1024K)]
  0x000001e17d3a9130 JavaThread "Thread-15"                  daemon [_thread_in_native, id=20704, stack(0x0000000b12f00000,0x0000000b13000000) (1024K)]
  0x000001e17d3a2830 JavaThread "Thread-16"                  daemon [_thread_in_native, id=20512, stack(0x0000000b13000000,0x0000000b13100000) (1024K)]
  0x000001e17d3a9e50 JavaThread "Thread-17"                  daemon [_thread_in_native, id=7432, stack(0x0000000b13100000,0x0000000b13200000) (1024K)]
  0x000001e17d3a4270 JavaThread "Thread-18"                  daemon [_thread_in_native, id=3868, stack(0x0000000b13200000,0x0000000b13300000) (1024K)]
  0x000001e17d3a4900 JavaThread "pool-2-thread-1"                   [_thread_blocked, id=10936, stack(0x0000000b13400000,0x0000000b13500000) (1024K)]
  0x000001e105f627d0 JavaThread "WorkspaceEventsHandler"            [_thread_blocked, id=20944, stack(0x0000000b13a00000,0x0000000b13b00000) (1024K)]
  0x000001e105f67d20 JavaThread "pool-1-thread-1"                   [_thread_blocked, id=21340, stack(0x0000000b13b00000,0x0000000b13c00000) (1024K)]
  0x000001e17fe6c7a0 JavaThread "Cleaner-0"                  daemon [_thread_blocked, id=21584, stack(0x0000000b11100000,0x0000000b11200000) (1024K)]
  0x000001e1060e82d0 JavaThread "Worker-34"                         [_thread_blocked, id=6124, stack(0x0000000b13800000,0x0000000b13900000) (1024K)]
  0x000001e1060e75b0 JavaThread "Worker-42"                         [_thread_blocked, id=1388, stack(0x0000000b11800000,0x0000000b11900000) (1024K)]
Total: 43

Other Threads:
  0x000001e1395a4900 VMThread "VM Thread"                           [id=9992, stack(0x0000000b0f500000,0x0000000b0f600000) (1024K)]
  0x000001e122b795e0 WatcherThread "VM Periodic Task Thread"        [id=19168, stack(0x0000000b0f400000,0x0000000b0f500000) (1024K)]
  0x000001e122b2dcb0 WorkerThread "GC Thread#0"                     [id=18904, stack(0x0000000b0f300000,0x0000000b0f400000) (1024K)]
  0x000001e17d9072c0 WorkerThread "GC Thread#1"                     [id=16896, stack(0x0000000b10600000,0x0000000b10700000) (1024K)]
  0x000001e17dd099a0 WorkerThread "GC Thread#2"                     [id=10332, stack(0x0000000b10700000,0x0000000b10800000) (1024K)]
  0x000001e17d848e80 WorkerThread "GC Thread#3"                     [id=17328, stack(0x0000000b10800000,0x0000000b10900000) (1024K)]
  0x000001e17d849220 WorkerThread "GC Thread#4"                     [id=976, stack(0x0000000b10900000,0x0000000b10a00000) (1024K)]
  0x000001e17dc37630 WorkerThread "GC Thread#5"                     [id=17076, stack(0x0000000b10a00000,0x0000000b10b00000) (1024K)]
  0x000001e17dc379d0 WorkerThread "GC Thread#6"                     [id=2560, stack(0x0000000b10b00000,0x0000000b10c00000) (1024K)]
  0x000001e17da436a0 WorkerThread "GC Thread#7"                     [id=19440, stack(0x0000000b10f00000,0x0000000b11000000) (1024K)]
  0x000001e17d561280 WorkerThread "GC Thread#8"                     [id=21468, stack(0x0000000b10300000,0x0000000b10400000) (1024K)]
  0x000001e17dd08de0 WorkerThread "GC Thread#9"                     [id=21472, stack(0x0000000b10500000,0x0000000b10600000) (1024K)]
  0x000001e17d33a540 WorkerThread "GC Thread#10"                    [id=21476, stack(0x0000000b10c00000,0x0000000b10d00000) (1024K)]
  0x000001e17d33ac80 WorkerThread "GC Thread#11"                    [id=20604, stack(0x0000000b11200000,0x0000000b11300000) (1024K)]
  0x000001e17d33b020 WorkerThread "GC Thread#12"                    [id=12092, stack(0x0000000b11500000,0x0000000b11600000) (1024K)]
Total: 15

Threads with active compile tasks:
Total: 0

VM state: not at safepoint (normal execution)

VM Mutex/Monitor currently owned by a thread: None

Heap address: 0x0000000080000000, size: 2048 MB, Compressed Oops mode: 32-bit

CDS archive(s) mapped at: [0x000001e13a000000-0x000001e13aba0000-0x000001e13aba0000), size 12189696, SharedBaseAddress: 0x000001e13a000000, ArchiveRelocationMode: 1.
Compressed class space mapped at: 0x000001e13b000000-0x000001e17b000000, reserved size: 1073741824
Narrow klass base: 0x000001e13a000000, Narrow klass shift: 0, Narrow klass range: 0x100000000

GC Precious Log:
 CardTable entry size: 512
 CPUs: 16 total, 16 available
 Memory: 32714M
 Large Page Support: Disabled
 NUMA Support: Disabled
 Compressed Oops: Enabled (32-bit)
 Alignments: Space 512K, Generation 512K, Heap 2M
 Heap Min Capacity: 100M
 Heap Initial Capacity: 100M
 Heap Max Capacity: 2G
 Pre-touch: Disabled
 Parallel Workers: 13

Heap:
 PSYoungGen      total 4096K, used 1216K [0x00000000d5580000, 0x00000000d5b80000, 0x0000000100000000)
  eden space 3072K, 20% used [0x00000000d5580000,0x00000000d56202c0,0x00000000d5880000)
  from space 1024K, 56% used [0x00000000d5980000,0x00000000d5a10000,0x00000000d5a80000)
  to   space 1024K, 0% used [0x00000000d5a80000,0x00000000d5a80000,0x00000000d5b80000)
 ParOldGen       total 653824K, used 653470K [0x0000000080000000, 0x00000000a7e80000, 0x00000000d5580000)
  object space 653824K, 99% used [0x0000000080000000,0x00000000a7e27ab8,0x00000000a7e80000)
 Metaspace       used 86249K, committed 87936K, reserved 1179648K
  class space    used 8621K, committed 9472K, reserved 1048576K

Card table byte_map: [0x000001e1224f0000,0x000001e122900000] _byte_map_base: 0x000001e1220f0000

Marking Bits: (ParMarkBitMap*) 0x00007ffa8efaa340
 Begin Bits: [0x000001e134fc0000, 0x000001e136fc0000)
 End Bits:   [0x000001e136fc0000, 0x000001e138fc0000)

Polling page: 0x000001e1222e0000

Metaspace:

Usage:
  Non-class:     75.81 MB used.
      Class:      8.42 MB used.
       Both:     84.23 MB used.

Virtual space:
  Non-class space:      128.00 MB reserved,      76.62 MB ( 60%) committed,  2 nodes.
      Class space:        1.00 GB reserved,       9.25 MB ( <1%) committed,  1 nodes.
             Both:        1.12 GB reserved,      85.88 MB (  7%) committed. 

Chunk freelists:
   Non-Class:  3.01 MB
       Class:  6.87 MB
        Both:  9.89 MB

MaxMetaspaceSize: unlimited
CompressedClassSpaceSize: 1.00 GB
Initial GC threshold: 21.00 MB
Current GC threshold: 142.12 MB
CDS: on
 - commit_granule_bytes: 65536.
 - commit_granule_words: 8192.
 - virtual_space_node_default_size: 8388608.
 - enlarge_chunks_in_place: 1.
 - use_allocation_guard: 0.


Internal statistics:

num_allocs_failed_limit: 11.
num_arena_births: 1766.
num_arena_deaths: 428.
num_vsnodes_births: 3.
num_vsnodes_deaths: 0.
num_space_committed: 1374.
num_space_uncommitted: 0.
num_chunks_returned_to_freelist: 512.
num_chunks_taken_from_freelist: 6135.
num_chunk_merges: 132.
num_chunk_splits: 3528.
num_chunks_enlarged: 1885.
num_inconsistent_stats: 0.

CodeHeap 'non-profiled nmethods': size=119168Kb used=16361Kb max_used=23213Kb free=102806Kb
 bounds [0x000001e12d8b0000, 0x000001e12ef60000, 0x000001e134d10000]
CodeHeap 'profiled nmethods': size=119104Kb used=34068Kb max_used=49940Kb free=85035Kb
 bounds [0x000001e125d10000, 0x000001e128de0000, 0x000001e12d160000]
CodeHeap 'non-nmethods': size=7488Kb used=1526Kb max_used=3242Kb free=5961Kb
 bounds [0x000001e12d160000, 0x000001e12d4d0000, 0x000001e12d8b0000]
CodeCache: size=245760Kb, used=51955Kb, max_used=76395Kb, free=193802Kb
 total_blobs=16326, nmethods=15482, adapters=746, full_count=0
Compilation: enabled, stopped_count=0, restarted_count=0

Compilation events (20 events):
Event: 8649.177 Thread 0x000001e17bc25760 nmethod 23265 0x000001e125e19690 code [0x000001e125e19960, 0x000001e125e1aa40]
Event: 8649.177 Thread 0x000001e17bc25760 23266       3       org.eclipse.jdt.internal.compiler.ast.ExplicitConstructorCall::isSuperAccess (12 bytes)
Event: 8649.177 Thread 0x000001e17bc25760 nmethod 23266 0x000001e12669b010 code [0x000001e12669b1c0, 0x000001e12669b330]
Event: 8649.177 Thread 0x000001e17bc25760 23268       3       org.eclipse.jdt.internal.compiler.ast.ExplicitConstructorCall::manageEnclosingInstanceAccessIfNecessary (88 bytes)
Event: 8649.178 Thread 0x000001e17bc25760 nmethod 23268 0x000001e126698090 code [0x000001e1266982e0, 0x000001e126698f58]
Event: 8649.178 Thread 0x000001e17bc25760 23269       3       org.eclipse.jdt.internal.compiler.ast.ExplicitConstructorCall::manageSyntheticAccessIfNecessary (114 bytes)
Event: 8649.178 Thread 0x000001e17bc25760 nmethod 23269 0x000001e1262a6110 code [0x000001e1262a63a0, 0x000001e1262a7218]
Event: 8649.184 Thread 0x000001e1395b8890 nmethod 23271 0x000001e12e42e290 code [0x000001e12e42e4c0, 0x000001e12e42f478]
Event: 8649.185 Thread 0x000001e1395b8890 23272       4       org.eclipse.jdt.internal.codeassist.select.SelectionParser::restartRecovery (123 bytes)
Event: 8649.188 Thread 0x000001e1395b8890 nmethod 23272 0x000001e12e8f7710 code [0x000001e12e8f78a0, 0x000001e12e8f7ad8]
Event: 8649.231 Thread 0x000001e17bc25760 23273       1       org.eclipse.jdt.internal.compiler.ASTVisitor::visit (2 bytes)
Event: 8649.231 Thread 0x000001e17bc25760 nmethod 23273 0x000001e12e077410 code [0x000001e12e0775a0, 0x000001e12e077668]
Event: 8649.235 Thread 0x000001e17bc25760 23274       3       org.eclipse.jdt.internal.compiler.codegen.CodeStream::generateBoxingConversion (246 bytes)
Event: 8649.235 Thread 0x000001e17bc25760 nmethod 23274 0x000001e1266e2310 code [0x000001e1266e25e0, 0x000001e1266e3280]
Event: 8649.236 Thread 0x000001e17bc25760 23275   !   3       org.eclipse.jdt.core.dom.CompilationUnitResolver::getSourceClassPaths (120 bytes)
Event: 8649.236 Thread 0x000001e17bc25760 nmethod 23275 0x000001e1262b1790 code [0x000001e1262b1a20, 0x000001e1262b2940]
Event: 8649.236 Thread 0x000001e17bc25760 23276   !   3       org.eclipse.jdt.internal.compiler.lookup.UnresolvedAnnotationBinding::getElementValuePairs (221 bytes)
Event: 8649.237 Thread 0x000001e17bc25760 nmethod 23276 0x000001e126322590 code [0x000001e126322820, 0x000001e126323780]
Event: 10474.832 Thread 0x000001e1395b8890 23277       4       java.util.concurrent.locks.AbstractQueuedSynchronizer$ConditionObject::canReacquire (38 bytes)
Event: 10474.835 Thread 0x000001e1395b8890 nmethod 23277 0x000001e12ddf6090 code [0x000001e12ddf6220, 0x000001e12ddf6300]

GC Heap History (20 events):
Event: 8119.779 GC heap before
{Heap before GC invocations=2334 (full 6):
 PSYoungGen      total 4096K, used 3604K [0x00000000d5580000, 0x00000000d5c00000, 0x0000000100000000)
  eden space 3072K, 99% used [0x00000000d5580000,0x00000000d587fff8,0x00000000d5880000)
  from space 1024K, 52% used [0x00000000d5a80000,0x00000000d5b05200,0x00000000d5b80000)
  to   space 512K, 0% used [0x00000000d5b80000,0x00000000d5b80000,0x00000000d5c00000)
 ParOldGen       total 651264K, used 651068K [0x0000000080000000, 0x00000000a7c00000, 0x00000000d5580000)
  object space 651264K, 99% used [0x0000000080000000,0x00000000a7bcf320,0x00000000a7c00000)
 Metaspace       used 86232K, committed 87936K, reserved 1179648K
  class space    used 8621K, committed 9472K, reserved 1048576K
}
Event: 8119.781 GC heap after
{Heap after GC invocations=2334 (full 6):
 PSYoungGen      total 3584K, used 384K [0x00000000d5580000, 0x00000000d5c00000, 0x0000000100000000)
  eden space 3072K, 0% used [0x00000000d5580000,0x00000000d5580000,0x00000000d5880000)
  from space 512K, 75% used [0x00000000d5b80000,0x00000000d5be0000,0x00000000d5c00000)
  to   space 512K, 0% used [0x00000000d5b00000,0x00000000d5b00000,0x00000000d5b80000)
 ParOldGen       total 651264K, used 651084K [0x0000000080000000, 0x00000000a7c00000, 0x00000000d5580000)
  object space 651264K, 99% used [0x0000000080000000,0x00000000a7bd3320,0x00000000a7c00000)
 Metaspace       used 86232K, committed 87936K, reserved 1179648K
  class space    used 8621K, committed 9472K, reserved 1048576K
}
Event: 8126.900 GC heap before
{Heap before GC invocations=2335 (full 6):
 PSYoungGen      total 3584K, used 3456K [0x00000000d5580000, 0x00000000d5c00000, 0x0000000100000000)
  eden space 3072K, 100% used [0x00000000d5580000,0x00000000d5880000,0x00000000d5880000)
  from space 512K, 75% used [0x00000000d5b80000,0x00000000d5be0000,0x00000000d5c00000)
  to   space 512K, 0% used [0x00000000d5b00000,0x00000000d5b00000,0x00000000d5b80000)
 ParOldGen       total 651264K, used 651084K [0x0000000080000000, 0x00000000a7c00000, 0x00000000d5580000)
  object space 651264K, 99% used [0x0000000080000000,0x00000000a7bd3320,0x00000000a7c00000)
 Metaspace       used 86232K, committed 87936K, reserved 1179648K
  class space    used 8621K, committed 9472K, reserved 1048576K
}
Event: 8126.901 GC heap after
{Heap after GC invocations=2335 (full 6):
 PSYoungGen      total 3584K, used 352K [0x00000000d5580000, 0x00000000d5c00000, 0x0000000100000000)
  eden space 3072K, 0% used [0x00000000d5580000,0x00000000d5580000,0x00000000d5880000)
  from space 512K, 68% used [0x00000000d5b00000,0x00000000d5b58000,0x00000000d5b80000)
  to   space 512K, 0% used [0x00000000d5b80000,0x00000000d5b80000,0x00000000d5c00000)
 ParOldGen       total 651264K, used 651116K [0x0000000080000000, 0x00000000a7c00000, 0x00000000d5580000)
  object space 651264K, 99% used [0x0000000080000000,0x00000000a7bdb320,0x00000000a7c00000)
 Metaspace       used 86232K, committed 87936K, reserved 1179648K
  class space    used 8621K, committed 9472K, reserved 1048576K
}
Event: 8649.131 GC heap before
{Heap before GC invocations=2336 (full 6):
 PSYoungGen      total 3584K, used 3423K [0x00000000d5580000, 0x00000000d5c00000, 0x0000000100000000)
  eden space 3072K, 99% used [0x00000000d5580000,0x00000000d587ffc8,0x00000000d5880000)
  from space 512K, 68% used [0x00000000d5b00000,0x00000000d5b58000,0x00000000d5b80000)
  to   space 512K, 0% used [0x00000000d5b80000,0x00000000d5b80000,0x00000000d5c00000)
 ParOldGen       total 651264K, used 651116K [0x0000000080000000, 0x00000000a7c00000, 0x00000000d5580000)
  object space 651264K, 99% used [0x0000000080000000,0x00000000a7bdb320,0x00000000a7c00000)
 Metaspace       used 86234K, committed 87936K, reserved 1179648K
  class space    used 8621K, committed 9472K, reserved 1048576K
}
Event: 8649.133 GC heap after
{Heap after GC invocations=2336 (full 6):
 PSYoungGen      total 3584K, used 448K [0x00000000d5580000, 0x00000000d5c00000, 0x0000000100000000)
  eden space 3072K, 0% used [0x00000000d5580000,0x00000000d5580000,0x00000000d5880000)
  from space 512K, 87% used [0x00000000d5b80000,0x00000000d5bf0020,0x00000000d5c00000)
  to   space 512K, 0% used [0x00000000d5b00000,0x00000000d5b00000,0x00000000d5b80000)
 ParOldGen       total 651264K, used 651188K [0x0000000080000000, 0x00000000a7c00000, 0x00000000d5580000)
  object space 651264K, 99% used [0x0000000080000000,0x00000000a7bed320,0x00000000a7c00000)
 Metaspace       used 86234K, committed 87936K, reserved 1179648K
  class space    used 8621K, committed 9472K, reserved 1048576K
}
Event: 8649.139 GC heap before
{Heap before GC invocations=2337 (full 6):
 PSYoungGen      total 3584K, used 3520K [0x00000000d5580000, 0x00000000d5c00000, 0x0000000100000000)
  eden space 3072K, 100% used [0x00000000d5580000,0x00000000d5880000,0x00000000d5880000)
  from space 512K, 87% used [0x00000000d5b80000,0x00000000d5bf0020,0x00000000d5c00000)
  to   space 512K, 0% used [0x00000000d5b00000,0x00000000d5b00000,0x00000000d5b80000)
 ParOldGen       total 651264K, used 651188K [0x0000000080000000, 0x00000000a7c00000, 0x00000000d5580000)
  object space 651264K, 99% used [0x0000000080000000,0x00000000a7bed320,0x00000000a7c00000)
 Metaspace       used 86234K, committed 87936K, reserved 1179648K
  class space    used 8621K, committed 9472K, reserved 1048576K
}
Event: 8649.140 GC heap after
{Heap after GC invocations=2337 (full 6):
 PSYoungGen      total 3584K, used 490K [0x00000000d5580000, 0x00000000d5c00000, 0x0000000100000000)
  eden space 3072K, 0% used [0x00000000d5580000,0x00000000d5580000,0x00000000d5880000)
  from space 512K, 95% used [0x00000000d5b00000,0x00000000d5b7a910,0x00000000d5b80000)
  to   space 512K, 0% used [0x00000000d5b80000,0x00000000d5b80000,0x00000000d5c00000)
 ParOldGen       total 651776K, used 651404K [0x0000000080000000, 0x00000000a7c80000, 0x00000000d5580000)
  object space 651776K, 99% used [0x0000000080000000,0x00000000a7c23340,0x00000000a7c80000)
 Metaspace       used 86234K, committed 87936K, reserved 1179648K
  class space    used 8621K, committed 9472K, reserved 1048576K
}
Event: 8649.160 GC heap before
{Heap before GC invocations=2338 (full 6):
 PSYoungGen      total 3584K, used 3562K [0x00000000d5580000, 0x00000000d5c00000, 0x0000000100000000)
  eden space 3072K, 100% used [0x00000000d5580000,0x00000000d5880000,0x00000000d5880000)
  from space 512K, 95% used [0x00000000d5b00000,0x00000000d5b7a910,0x00000000d5b80000)
  to   space 512K, 0% used [0x00000000d5b80000,0x00000000d5b80000,0x00000000d5c00000)
 ParOldGen       total 651776K, used 651404K [0x0000000080000000, 0x00000000a7c80000, 0x00000000d5580000)
  object space 651776K, 99% used [0x0000000080000000,0x00000000a7c23340,0x00000000a7c80000)
 Metaspace       used 86234K, committed 87936K, reserved 1179648K
  class space    used 8621K, committed 9472K, reserved 1048576K
}
Event: 8649.161 GC heap after
{Heap after GC invocations=2338 (full 6):
 PSYoungGen      total 3584K, used 448K [0x00000000d5580000, 0x00000000d5c00000, 0x0000000100000000)
  eden space 3072K, 0% used [0x00000000d5580000,0x00000000d5580000,0x00000000d5880000)
  from space 512K, 87% used [0x00000000d5b80000,0x00000000d5bf0000,0x00000000d5c00000)
  to   space 1024K, 0% used [0x00000000d5a00000,0x00000000d5a00000,0x00000000d5b00000)
 ParOldGen       total 652288K, used 651833K [0x0000000080000000, 0x00000000a7d00000, 0x00000000d5580000)
  object space 652288K, 99% used [0x0000000080000000,0x00000000a7c8e550,0x00000000a7d00000)
 Metaspace       used 86234K, committed 87936K, reserved 1179648K
  class space    used 8621K, committed 9472K, reserved 1048576K
}
Event: 8649.166 GC heap before
{Heap before GC invocations=2339 (full 6):
 PSYoungGen      total 3584K, used 3520K [0x00000000d5580000, 0x00000000d5c00000, 0x0000000100000000)
  eden space 3072K, 100% used [0x00000000d5580000,0x00000000d5880000,0x00000000d5880000)
  from space 512K, 87% used [0x00000000d5b80000,0x00000000d5bf0000,0x00000000d5c00000)
  to   space 1024K, 0% used [0x00000000d5a00000,0x00000000d5a00000,0x00000000d5b00000)
 ParOldGen       total 652288K, used 651833K [0x0000000080000000, 0x00000000a7d00000, 0x00000000d5580000)
  object space 652288K, 99% used [0x0000000080000000,0x00000000a7c8e550,0x00000000a7d00000)
 Metaspace       used 86234K, committed 87936K, reserved 1179648K
  class space    used 8621K, committed 9472K, reserved 1048576K
}
Event: 8649.167 GC heap after
{Heap after GC invocations=2339 (full 6):
 PSYoungGen      total 4096K, used 506K [0x00000000d5580000, 0x00000000d5c00000, 0x0000000100000000)
  eden space 3072K, 0% used [0x00000000d5580000,0x00000000d5580000,0x00000000d5880000)
  from space 1024K, 49% used [0x00000000d5a00000,0x00000000d5a7e900,0x00000000d5b00000)
  to   space 1024K, 0% used [0x00000000d5b00000,0x00000000d5b00000,0x00000000d5c00000)
 ParOldGen       total 652288K, used 652033K [0x0000000080000000, 0x00000000a7d00000, 0x00000000d5580000)
  object space 652288K, 99% used [0x0000000080000000,0x00000000a7cc0550,0x00000000a7d00000)
 Metaspace       used 86234K, committed 87936K, reserved 1179648K
  class space    used 8621K, committed 9472K, reserved 1048576K
}
Event: 8649.172 GC heap before
{Heap before GC invocations=2340 (full 6):
 PSYoungGen      total 4096K, used 3578K [0x00000000d5580000, 0x00000000d5c00000, 0x0000000100000000)
  eden space 3072K, 100% used [0x00000000d5580000,0x00000000d5880000,0x00000000d5880000)
  from space 1024K, 49% used [0x00000000d5a00000,0x00000000d5a7e900,0x00000000d5b00000)
  to   space 1024K, 0% used [0x00000000d5b00000,0x00000000d5b00000,0x00000000d5c00000)
 ParOldGen       total 652288K, used 652033K [0x0000000080000000, 0x00000000a7d00000, 0x00000000d5580000)
  object space 652288K, 99% used [0x0000000080000000,0x00000000a7cc0550,0x00000000a7d00000)
 Metaspace       used 86237K, committed 87936K, reserved 1179648K
  class space    used 8621K, committed 9472K, reserved 1048576K
}
Event: 8649.173 GC heap after
{Heap after GC invocations=2340 (full 6):
 PSYoungGen      total 4096K, used 544K [0x00000000d5580000, 0x00000000d5c00000, 0x0000000100000000)
  eden space 3072K, 0% used [0x00000000d5580000,0x00000000d5580000,0x00000000d5880000)
  from space 1024K, 53% used [0x00000000d5b00000,0x00000000d5b88000,0x00000000d5c00000)
  to   space 1024K, 0% used [0x00000000d5a00000,0x00000000d5a00000,0x00000000d5b00000)
 ParOldGen       total 652800K, used 652461K [0x0000000080000000, 0x00000000a7d80000, 0x00000000d5580000)
  object space 652800K, 99% used [0x0000000080000000,0x00000000a7d2b760,0x00000000a7d80000)
 Metaspace       used 86237K, committed 87936K, reserved 1179648K
  class space    used 8621K, committed 9472K, reserved 1048576K
}
Event: 8649.221 GC heap before
{Heap before GC invocations=2341 (full 6):
 PSYoungGen      total 4096K, used 3616K [0x00000000d5580000, 0x00000000d5c00000, 0x0000000100000000)
  eden space 3072K, 100% used [0x00000000d5580000,0x00000000d5880000,0x00000000d5880000)
  from space 1024K, 53% used [0x00000000d5b00000,0x00000000d5b88000,0x00000000d5c00000)
  to   space 1024K, 0% used [0x00000000d5a00000,0x00000000d5a00000,0x00000000d5b00000)
 ParOldGen       total 652800K, used 652461K [0x0000000080000000, 0x00000000a7d80000, 0x00000000d5580000)
  object space 652800K, 99% used [0x0000000080000000,0x00000000a7d2b760,0x00000000a7d80000)
 Metaspace       used 86245K, committed 87936K, reserved 1179648K
  class space    used 8621K, committed 9472K, reserved 1048576K
}
Event: 8649.222 GC heap after
{Heap after GC invocations=2341 (full 6):
 PSYoungGen      total 4096K, used 516K [0x00000000d5580000, 0x00000000d5b80000, 0x0000000100000000)
  eden space 3072K, 0% used [0x00000000d5580000,0x00000000d5580000,0x00000000d5880000)
  from space 1024K, 50% used [0x00000000d5a00000,0x00000000d5a81210,0x00000000d5b00000)
  to   space 512K, 0% used [0x00000000d5b00000,0x00000000d5b00000,0x00000000d5b80000)
 ParOldGen       total 652800K, used 652797K [0x0000000080000000, 0x00000000a7d80000, 0x00000000d5580000)
  object space 652800K, 99% used [0x0000000080000000,0x00000000a7d7f760,0x00000000a7d80000)
 Metaspace       used 86245K, committed 87936K, reserved 1179648K
  class space    used 8621K, committed 9472K, reserved 1048576K
}
Event: 8649.226 GC heap before
{Heap before GC invocations=2342 (full 6):
 PSYoungGen      total 4096K, used 3588K [0x00000000d5580000, 0x00000000d5b80000, 0x0000000100000000)
  eden space 3072K, 100% used [0x00000000d5580000,0x00000000d5880000,0x00000000d5880000)
  from space 1024K, 50% used [0x00000000d5a00000,0x00000000d5a81210,0x00000000d5b00000)
  to   space 512K, 0% used [0x00000000d5b00000,0x00000000d5b00000,0x00000000d5b80000)
 ParOldGen       total 652800K, used 652797K [0x0000000080000000, 0x00000000a7d80000, 0x00000000d5580000)
  object space 652800K, 99% used [0x0000000080000000,0x00000000a7d7f760,0x00000000a7d80000)
 Metaspace       used 86245K, committed 87936K, reserved 1179648K
  class space    used 8621K, committed 9472K, reserved 1048576K
}
Event: 8649.227 GC heap after
{Heap after GC invocations=2342 (full 6):
 PSYoungGen      total 3584K, used 512K [0x00000000d5580000, 0x00000000d5b80000, 0x0000000100000000)
  eden space 3072K, 0% used [0x00000000d5580000,0x00000000d5580000,0x00000000d5880000)
  from space 512K, 100% used [0x00000000d5b00000,0x00000000d5b80000,0x00000000d5b80000)
  to   space 1024K, 0% used [0x00000000d5980000,0x00000000d5980000,0x00000000d5a80000)
 ParOldGen       total 653312K, used 653046K [0x0000000080000000, 0x00000000a7e00000, 0x00000000d5580000)
  object space 653312K, 99% used [0x0000000080000000,0x00000000a7dbdab8,0x00000000a7e00000)
 Metaspace       used 86245K, committed 87936K, reserved 1179648K
  class space    used 8621K, committed 9472K, reserved 1048576K
}
Event: 8649.232 GC heap before
{Heap before GC invocations=2343 (full 6):
 PSYoungGen      total 3584K, used 3584K [0x00000000d5580000, 0x00000000d5b80000, 0x0000000100000000)
  eden space 3072K, 100% used [0x00000000d5580000,0x00000000d5880000,0x00000000d5880000)
  from space 512K, 100% used [0x00000000d5b00000,0x00000000d5b80000,0x00000000d5b80000)
  to   space 1024K, 0% used [0x00000000d5980000,0x00000000d5980000,0x00000000d5a80000)
 ParOldGen       total 653312K, used 653046K [0x0000000080000000, 0x00000000a7e00000, 0x00000000d5580000)
  object space 653312K, 99% used [0x0000000080000000,0x00000000a7dbdab8,0x00000000a7e00000)
 Metaspace       used 86245K, committed 87936K, reserved 1179648K
  class space    used 8621K, committed 9472K, reserved 1048576K
}
Event: 8649.233 GC heap after
{Heap after GC invocations=2343 (full 6):
 PSYoungGen      total 4096K, used 576K [0x00000000d5580000, 0x00000000d5b80000, 0x0000000100000000)
  eden space 3072K, 0% used [0x00000000d5580000,0x00000000d5580000,0x00000000d5880000)
  from space 1024K, 56% used [0x00000000d5980000,0x00000000d5a10000,0x00000000d5a80000)
  to   space 1024K, 0% used [0x00000000d5a80000,0x00000000d5a80000,0x00000000d5b80000)
 ParOldGen       total 653824K, used 653470K [0x0000000080000000, 0x00000000a7e80000, 0x00000000d5580000)
  object space 653824K, 99% used [0x0000000080000000,0x00000000a7e27ab8,0x00000000a7e80000)
 Metaspace       used 86245K, committed 87936K, reserved 1179648K
  class space    used 8621K, committed 9472K, reserved 1048576K
}

Dll operation events (12 events):
Event: 0.012 Loaded shared library c:\Users\royzo\.vscode\extensions\redhat.java-1.44.0-win32-x64\jre\21.0.8-win32-x86_64\bin\java.dll
Event: 0.159 Loaded shared library c:\Users\royzo\.vscode\extensions\redhat.java-1.44.0-win32-x64\jre\21.0.8-win32-x86_64\bin\zip.dll
Event: 0.199 Loaded shared library C:\Users\royzo\.vscode\extensions\redhat.java-1.44.0-win32-x64\jre\21.0.8-win32-x86_64\bin\instrument.dll
Event: 0.208 Loaded shared library C:\Users\royzo\.vscode\extensions\redhat.java-1.44.0-win32-x64\jre\21.0.8-win32-x86_64\bin\net.dll
Event: 0.211 Loaded shared library C:\Users\royzo\.vscode\extensions\redhat.java-1.44.0-win32-x64\jre\21.0.8-win32-x86_64\bin\nio.dll
Event: 0.217 Loaded shared library C:\Users\royzo\.vscode\extensions\redhat.java-1.44.0-win32-x64\jre\21.0.8-win32-x86_64\bin\zip.dll
Event: 0.274 Loaded shared library C:\Users\royzo\.vscode\extensions\redhat.java-1.44.0-win32-x64\jre\21.0.8-win32-x86_64\bin\jimage.dll
Event: 0.394 Loaded shared library c:\Users\royzo\.vscode\extensions\redhat.java-1.44.0-win32-x64\jre\21.0.8-win32-x86_64\bin\verify.dll
Event: 7.993 Loaded shared library C:\Users\royzo\AppData\Roaming\Code\User\globalStorage\redhat.java\1.44.0\config_win\org.eclipse.equinox.launcher\org.eclipse.equinox.launcher.win32.win32.x86_64_1.2.1400.v20250730-1736\eclipse_11913.dll
Event: 23.577 Loaded shared library C:\Users\royzo\AppData\Local\Temp\jna-108708369\jna15387656166362567030.dll
Event: 606.559 Loaded shared library C:\Users\royzo\.vscode\extensions\redhat.java-1.44.0-win32-x64\jre\21.0.8-win32-x86_64\bin\sunmscapi.dll
Event: 606.620 Loaded shared library C:\Users\royzo\.vscode\extensions\redhat.java-1.44.0-win32-x64\jre\21.0.8-win32-x86_64\bin\extnet.dll

Deoptimization events (20 events):
Event: 7997.046 Thread 0x000001e105f662e0 DEOPT PACKING pc=0x000001e12ee7a390 sp=0x0000000b113fe1b0
Event: 7997.046 Thread 0x000001e105f662e0 DEOPT UNPACKING pc=0x000001e12d1b3aa2 sp=0x0000000b113fe138 mode 2
Event: 7997.243 Thread 0x000001e105f662e0 Uncommon trap: trap_request=0xffffff6e fr.pc=0x000001e12ddf92e4 relative=0x0000000000000284
Event: 7997.243 Thread 0x000001e105f662e0 Uncommon trap: reason=loop_limit_check action=maybe_recompile pc=0x000001e12ddf92e4 method=org.eclipse.jdt.internal.compiler.lookup.ArrayBinding.genericTypeSignature()[C @ 33 c2
Event: 7997.243 Thread 0x000001e105f662e0 DEOPT PACKING pc=0x000001e12ddf92e4 sp=0x0000000b113fe2a0
Event: 7997.243 Thread 0x000001e105f662e0 DEOPT UNPACKING pc=0x000001e12d1b3aa2 sp=0x0000000b113fe238 mode 2
Event: 7997.518 Thread 0x000001e107855a30 DEOPT PACKING pc=0x000001e128acc98d sp=0x0000000b0f0fefb0
Event: 7997.518 Thread 0x000001e107855a30 DEOPT UNPACKING pc=0x000001e12d1b4242 sp=0x0000000b0f0fe4a0 mode 0
Event: 7997.547 Thread 0x000001e17fcf6310 DEOPT PACKING pc=0x000001e126ef8879 sp=0x0000000b0f6fec90
Event: 7997.547 Thread 0x000001e17fcf6310 DEOPT UNPACKING pc=0x000001e12d1b4242 sp=0x0000000b0f6fe1b0 mode 0
Event: 7997.756 Thread 0x000001e17d6cb5e0 Uncommon trap: trap_request=0xffffffcc fr.pc=0x000001e12dbd406c relative=0x000000000000048c
Event: 7997.756 Thread 0x000001e17d6cb5e0 Uncommon trap: reason=intrinsic_or_type_checked_inlining action=make_not_entrant pc=0x000001e12dbd406c method=org.eclipse.jdt.internal.compiler.parser.Parser.consumeMethodDeclaration(ZZ)V @ 114 c2
Event: 7997.756 Thread 0x000001e17d6cb5e0 DEOPT PACKING pc=0x000001e12dbd406c sp=0x0000000b11eff0e0
Event: 7997.756 Thread 0x000001e17d6cb5e0 DEOPT UNPACKING pc=0x000001e12d1b3aa2 sp=0x0000000b11eff068 mode 2
Event: 7997.823 Thread 0x000001e17d6cb5e0 Uncommon trap: trap_request=0xffffff6e fr.pc=0x000001e12dfb0398 relative=0x0000000000000238
Event: 7997.823 Thread 0x000001e17d6cb5e0 Uncommon trap: reason=loop_limit_check action=maybe_recompile pc=0x000001e12dfb0398 method=org.eclipse.jdt.internal.compiler.parser.Parser.flushCommentsDefinedPriorTo(I)I @ 59 c2
Event: 7997.823 Thread 0x000001e17d6cb5e0 DEOPT PACKING pc=0x000001e12dfb0398 sp=0x0000000b11efeaf0
Event: 7997.823 Thread 0x000001e17d6cb5e0 DEOPT UNPACKING pc=0x000001e12d1b3aa2 sp=0x0000000b11efea80 mode 2
Event: 7998.148 Thread 0x000001e17fcf6310 DEOPT PACKING pc=0x000001e126fd2cf6 sp=0x0000000b0f6fe4b0
Event: 7998.148 Thread 0x000001e17fcf6310 DEOPT UNPACKING pc=0x000001e12d1b4242 sp=0x0000000b0f6fd9a0 mode 0

Classes loaded (20 events):
Event: 1744.651 Loading class jdk/internal/module/IllegalAccessLogger
Event: 1744.651 Loading class jdk/internal/module/IllegalAccessLogger done
Event: 2323.436 Loading class jdk/internal/module/IllegalAccessLogger
Event: 2323.436 Loading class jdk/internal/module/IllegalAccessLogger done
Event: 2328.795 Loading class jdk/internal/module/IllegalAccessLogger
Event: 2328.795 Loading class jdk/internal/module/IllegalAccessLogger done
Event: 2331.549 Loading class jdk/internal/module/IllegalAccessLogger
Event: 2331.549 Loading class jdk/internal/module/IllegalAccessLogger done
Event: 2818.832 Loading class jdk/internal/module/IllegalAccessLogger
Event: 2818.832 Loading class jdk/internal/module/IllegalAccessLogger done
Event: 2831.267 Loading class jdk/internal/module/IllegalAccessLogger
Event: 2831.267 Loading class jdk/internal/module/IllegalAccessLogger done
Event: 2839.684 Loading class jdk/internal/module/IllegalAccessLogger
Event: 2839.684 Loading class jdk/internal/module/IllegalAccessLogger done
Event: 2851.206 Loading class jdk/internal/module/IllegalAccessLogger
Event: 2851.206 Loading class jdk/internal/module/IllegalAccessLogger done
Event: 6258.919 Loading class jdk/internal/module/IllegalAccessLogger
Event: 6258.919 Loading class jdk/internal/module/IllegalAccessLogger done
Event: 7997.450 Loading class jdk/internal/module/IllegalAccessLogger
Event: 7997.450 Loading class jdk/internal/module/IllegalAccessLogger done

Classes unloaded (20 events):
Event: 2738.305 Thread 0x000001e1395a4900 Unloading class 0x000001e13b00d800 'java/lang/invoke/LambdaForm$MH+0x000001e13b00d800'
Event: 2738.305 Thread 0x000001e1395a4900 Unloading class 0x000001e13b00d400 'java/lang/invoke/LambdaForm$MH+0x000001e13b00d400'
Event: 2738.305 Thread 0x000001e1395a4900 Unloading class 0x000001e13b00d000 'java/lang/invoke/LambdaForm$MH+0x000001e13b00d000'
Event: 2738.305 Thread 0x000001e1395a4900 Unloading class 0x000001e13b00cc00 'java/lang/invoke/LambdaForm$MH+0x000001e13b00cc00'
Event: 2738.305 Thread 0x000001e1395a4900 Unloading class 0x000001e13b00c800 'java/lang/invoke/LambdaForm$BMH+0x000001e13b00c800'
Event: 2738.305 Thread 0x000001e1395a4900 Unloading class 0x000001e13b00c000 'java/lang/invoke/LambdaForm$DMH+0x000001e13b00c000'
Event: 2738.305 Thread 0x000001e1395a4900 Unloading class 0x000001e13b008c00 'java/lang/invoke/LambdaForm$MH+0x000001e13b008c00'
Event: 2738.305 Thread 0x000001e1395a4900 Unloading class 0x000001e13b008800 'java/lang/invoke/LambdaForm$MH+0x000001e13b008800'
Event: 2738.305 Thread 0x000001e1395a4900 Unloading class 0x000001e13b008400 'java/lang/invoke/LambdaForm$MH+0x000001e13b008400'
Event: 2738.305 Thread 0x000001e1395a4900 Unloading class 0x000001e13b007000 'java/lang/invoke/LambdaForm$MH+0x000001e13b007000'
Event: 2738.305 Thread 0x000001e1395a4900 Unloading class 0x000001e13b006800 'java/lang/invoke/LambdaForm$MH+0x000001e13b006800'
Event: 2738.305 Thread 0x000001e1395a4900 Unloading class 0x000001e13b006400 'java/lang/invoke/LambdaForm$MH+0x000001e13b006400'
Event: 2738.305 Thread 0x000001e1395a4900 Unloading class 0x000001e13b006000 'java/lang/invoke/LambdaForm$MH+0x000001e13b006000'
Event: 2738.305 Thread 0x000001e1395a4900 Unloading class 0x000001e13b005c00 'java/lang/invoke/LambdaForm$BMH+0x000001e13b005c00'
Event: 2738.305 Thread 0x000001e1395a4900 Unloading class 0x000001e13b004800 'java/lang/invoke/LambdaForm$DMH+0x000001e13b004800'
Event: 2738.305 Thread 0x000001e1395a4900 Unloading class 0x000001e13b002800 'java/lang/invoke/LambdaForm$MH+0x000001e13b002800'
Event: 2738.305 Thread 0x000001e1395a4900 Unloading class 0x000001e13b002400 'java/lang/invoke/LambdaForm$MH+0x000001e13b002400'
Event: 2738.305 Thread 0x000001e1395a4900 Unloading class 0x000001e13b002000 'java/lang/invoke/LambdaForm$MH+0x000001e13b002000'
Event: 2738.305 Thread 0x000001e1395a4900 Unloading class 0x000001e13b001800 'java/lang/invoke/LambdaForm$MH+0x000001e13b001800'
Event: 2738.305 Thread 0x000001e1395a4900 Unloading class 0x000001e13b000400 'java/lang/invoke/LambdaForm$MH+0x000001e13b000400'

Classes redefined (0 events):
No events

Internal exceptions (20 events):
Event: 2772.768 Thread 0x000001e106ada6e0 Exception <a 'java/lang/ClassNotFoundException'{0x00000000d575adc0}: sun/net/www/protocol/jdt/Handler> (0x00000000d575adc0) 
thrown [s\src\hotspot\share\classfile\systemDictionary.cpp, line 312]
Event: 2772.769 Thread 0x000001e106ada6e0 Exception <a 'java/lang/ClassNotFoundException'{0x00000000d575f3f0}: sun/net/www/protocol/jdt/Handler> (0x00000000d575f3f0) 
thrown [s\src\hotspot\share\classfile\systemDictionary.cpp, line 312]
Event: 2807.621 Thread 0x000001e106ada6e0 Exception <a 'java/lang/ClassNotFoundException'{0x00000000d55d9ba0}: sun/net/www/protocol/jdt/Handler> (0x00000000d55d9ba0) 
thrown [s\src\hotspot\share\classfile\systemDictionary.cpp, line 312]
Event: 2808.108 Thread 0x000001e106ada6e0 Exception <a 'java/lang/ClassNotFoundException'{0x00000000d56a7d20}: sun/net/www/protocol/jdt/Handler> (0x00000000d56a7d20) 
thrown [s\src\hotspot\share\classfile\systemDictionary.cpp, line 312]
Event: 2818.636 Thread 0x000001e17d6cb5e0 Exception <a 'sun/nio/fs/WindowsException'{0x00000000d55ebbc0}> (0x00000000d55ebbc0) 
thrown [s\src\hotspot\share\prims\jni.cpp, line 520]
Event: 2818.852 Thread 0x000001e17d6cb5e0 Exception <a 'sun/nio/fs/WindowsException'{0x00000000d56dd890}> (0x00000000d56dd890) 
thrown [s\src\hotspot\share\prims\jni.cpp, line 520]
Event: 2830.971 Thread 0x000001e17d6cb5e0 Exception <a 'sun/nio/fs/WindowsException'{0x00000000d5bbfed0}> (0x00000000d5bbfed0) 
thrown [s\src\hotspot\share\prims\jni.cpp, line 520]
Event: 2831.363 Thread 0x000001e17d6cb5e0 Exception <a 'sun/nio/fs/WindowsException'{0x00000000d56d48a8}> (0x00000000d56d48a8) 
thrown [s\src\hotspot\share\prims\jni.cpp, line 520]
Event: 2839.518 Thread 0x000001e17d6cb5e0 Exception <a 'sun/nio/fs/WindowsException'{0x00000000d5893cb0}> (0x00000000d5893cb0) 
thrown [s\src\hotspot\share\prims\jni.cpp, line 520]
Event: 2839.770 Thread 0x000001e17d6cb5e0 Exception <a 'sun/nio/fs/WindowsException'{0x00000000d55d7608}> (0x00000000d55d7608) 
thrown [s\src\hotspot\share\prims\jni.cpp, line 520]
Event: 2850.995 Thread 0x000001e17d6cb5e0 Exception <a 'sun/nio/fs/WindowsException'{0x00000000d5622200}> (0x00000000d5622200) 
thrown [s\src\hotspot\share\prims\jni.cpp, line 520]
Event: 2851.237 Thread 0x000001e17d6cb5e0 Exception <a 'sun/nio/fs/WindowsException'{0x00000000d57b1c58}> (0x00000000d57b1c58) 
thrown [s\src\hotspot\share\prims\jni.cpp, line 520]
Event: 6258.772 Thread 0x000001e17d6cb5e0 Exception <a 'sun/nio/fs/WindowsException'{0x00000000d563c218}> (0x00000000d563c218) 
thrown [s\src\hotspot\share\prims\jni.cpp, line 520]
Event: 6259.037 Thread 0x000001e17d6cb5e0 Exception <a 'sun/nio/fs/WindowsException'{0x00000000d55cc0f0}> (0x00000000d55cc0f0) 
thrown [s\src\hotspot\share\prims\jni.cpp, line 520]
Event: 6725.068 Thread 0x000001e17fb07710 Implicit null exception at 0x000001e12e6da239 to 0x000001e12e6da440
Event: 6725.089 Thread 0x000001e17fb07710 Implicit null exception at 0x000001e12e33c048 to 0x000001e12e33d0c4
Event: 6725.138 Thread 0x000001e17fb07710 Exception <a 'java/lang/NoSuchMethodError'{0x00000000d56dbfd8}: 'java.lang.Object java.lang.invoke.DirectMethodHandle$Holder.newInvokeSpecial(java.lang.Object, java.lang.Object, int, java.lang.Object, java.lang.Object, java.lang.Object, java.lang.Object)'> (0x00000000d56dbfd8) 
thrown [s\src\hotspot\share\interpreter\linkResolver.cpp, line 773]
Event: 6830.892 Thread 0x000001e17fcf4990 Implicit null exception at 0x000001e12ed69ef0 to 0x000001e12ed6c0ac
Event: 7997.268 Thread 0x000001e17d6cb5e0 Exception <a 'sun/nio/fs/WindowsException'{0x00000000d55869b0}> (0x00000000d55869b0) 
thrown [s\src\hotspot\share\prims\jni.cpp, line 520]
Event: 7997.752 Thread 0x000001e17d6cb5e0 Exception <a 'sun/nio/fs/WindowsException'{0x00000000d5addec0}> (0x00000000d5addec0) 
thrown [s\src\hotspot\share\prims\jni.cpp, line 520]

ZGC Phase Switch (0 events):
No events

VM Operations (20 events):
Event: 10283.662 Executing VM operation: HandshakeAllThreads (HandshakeForDeflation)
Event: 10283.663 Executing VM operation: HandshakeAllThreads (HandshakeForDeflation) done
Event: 10283.663 Executing VM operation: RendezvousGCThreads
Event: 10283.663 Executing VM operation: RendezvousGCThreads done
Event: 10343.732 Executing VM operation: HandshakeAllThreads (HandshakeForDeflation)
Event: 10343.733 Executing VM operation: HandshakeAllThreads (HandshakeForDeflation) done
Event: 10343.733 Executing VM operation: RendezvousGCThreads
Event: 10343.733 Executing VM operation: RendezvousGCThreads done
Event: 11124.438 Executing VM operation: HandshakeAllThreads (HandshakeForDeflation)
Event: 11124.438 Executing VM operation: HandshakeAllThreads (HandshakeForDeflation) done
Event: 11124.438 Executing VM operation: RendezvousGCThreads
Event: 11124.438 Executing VM operation: RendezvousGCThreads done
Event: 11244.717 Executing VM operation: HandshakeAllThreads (HandshakeForDeflation)
Event: 11244.717 Executing VM operation: HandshakeAllThreads (HandshakeForDeflation) done
Event: 11244.717 Executing VM operation: RendezvousGCThreads
Event: 11244.717 Executing VM operation: RendezvousGCThreads done
Event: 11425.057 Executing VM operation: HandshakeAllThreads (HandshakeForDeflation)
Event: 11425.057 Executing VM operation: HandshakeAllThreads (HandshakeForDeflation) done
Event: 11425.057 Executing VM operation: RendezvousGCThreads
Event: 11425.057 Executing VM operation: RendezvousGCThreads done

Memory protections (0 events):
No events

Nmethod flushes (20 events):
Event: 2831.192 Thread 0x000001e1395a4900 flushing  nmethod 0x000001e128b7d910
Event: 2831.192 Thread 0x000001e1395a4900 flushing  nmethod 0x000001e128b7de90
Event: 2831.192 Thread 0x000001e1395a4900 flushing  nmethod 0x000001e128b84810
Event: 2831.192 Thread 0x000001e1395a4900 flushing  nmethod 0x000001e128b8ed10
Event: 2831.192 Thread 0x000001e1395a4900 flushing  nmethod 0x000001e128b8f610
Event: 2831.192 Thread 0x000001e1395a4900 flushing  nmethod 0x000001e128b8f990
Event: 2831.192 Thread 0x000001e1395a4900 flushing  nmethod 0x000001e128b92590
Event: 2831.192 Thread 0x000001e1395a4900 flushing  nmethod 0x000001e128b97710
Event: 2831.192 Thread 0x000001e1395a4900 flushing  nmethod 0x000001e128b9dc90
Event: 2831.192 Thread 0x000001e1395a4900 flushing  nmethod 0x000001e128b9e090
Event: 2831.192 Thread 0x000001e1395a4900 flushing  nmethod 0x000001e128b9ed10
Event: 2831.192 Thread 0x000001e1395a4900 flushing  nmethod 0x000001e128ba9d90
Event: 2831.192 Thread 0x000001e1395a4900 flushing  nmethod 0x000001e128bc7490
Event: 2831.192 Thread 0x000001e1395a4900 flushing  nmethod 0x000001e128bf7d90
Event: 2831.192 Thread 0x000001e1395a4900 flushing  nmethod 0x000001e128c05f90
Event: 2831.192 Thread 0x000001e1395a4900 flushing  nmethod 0x000001e128c10a10
Event: 2831.192 Thread 0x000001e1395a4900 flushing  nmethod 0x000001e128c21a90
Event: 2831.192 Thread 0x000001e1395a4900 flushing  nmethod 0x000001e128c44d90
Event: 2831.192 Thread 0x000001e1395a4900 flushing  nmethod 0x000001e128d52490
Event: 2831.192 Thread 0x000001e1395a4900 flushing  nmethod 0x000001e128d55c10

Events (20 events):
Event: 7997.398 Thread 0x000001e1060e82d0 Thread added: 0x000001e1078560c0
Event: 7997.450 Thread 0x000001e1060e82d0 Thread added: 0x000001e1078553a0
Event: 7997.496 Thread 0x000001e106780230 Thread exited: 0x000001e106780230
Event: 7997.704 Thread 0x000001e1060e82d0 Thread added: 0x000001e104934780
Event: 7997.849 Thread 0x000001e107858820 Thread added: 0x000001e110d10c00
Event: 7998.122 Thread 0x000001e110d10c00 Thread exited: 0x000001e110d10c00
Event: 7998.702 Thread 0x000001e107858820 Thread exited: 0x000001e107858820
Event: 8057.481 Thread 0x000001e1078553a0 Thread exited: 0x000001e1078553a0
Event: 8058.123 Thread 0x000001e104934780 Thread exited: 0x000001e104934780
Event: 8058.169 Thread 0x000001e17fcf6310 Thread exited: 0x000001e17fcf6310
Event: 8075.346 Thread 0x000001e105f662e0 Thread exited: 0x000001e105f662e0
Event: 8180.428 Thread 0x000001e107855a30 Thread exited: 0x000001e107855a30
Event: 8240.433 Thread 0x000001e107856750 Thread exited: 0x000001e107856750
Event: 8297.196 Thread 0x000001e1060e75b0 Thread added: 0x000001e104934780
Event: 8297.196 Thread 0x000001e104934780 Thread exited: 0x000001e104934780
Event: 8297.311 Thread 0x000001e1060e82d0 Thread added: 0x000001e17fcf35e0
Event: 8297.405 Thread 0x000001e1078560c0 Thread exited: 0x000001e1078560c0
Event: 8357.320 Thread 0x000001e17fcf35e0 Thread exited: 0x000001e17fcf35e0
Event: 8649.129 Thread 0x000001e105f67d20 Thread added: 0x000001e1060e7c40
Event: 8709.237 Thread 0x000001e1060e7c40 Thread exited: 0x000001e1060e7c40


Dynamic libraries:
0x00007ff7fe6a0000 - 0x00007ff7fe6ae000 	c:\Users\royzo\.vscode\extensions\redhat.java-1.44.0-win32-x64\jre\21.0.8-win32-x86_64\bin\java.exe
0x00007ffb29970000 - 0x00007ffb29b68000 	C:\Windows\SYSTEM32\ntdll.dll
0x00007ffb29500000 - 0x00007ffb295c2000 	C:\Windows\System32\KERNEL32.DLL
0x00007ffb27440000 - 0x00007ffb27736000 	C:\Windows\System32\KERNELBASE.dll
0x00007ffb27100000 - 0x00007ffb27200000 	C:\Windows\System32\ucrtbase.dll
0x00007ffb03350000 - 0x00007ffb03368000 	c:\Users\royzo\.vscode\extensions\redhat.java-1.44.0-win32-x64\jre\21.0.8-win32-x86_64\bin\jli.dll
0x00007ffb28370000 - 0x00007ffb2850d000 	C:\Windows\System32\USER32.dll
0x00007ffb27000000 - 0x00007ffb27022000 	C:\Windows\System32\win32u.dll
0x00007ffb29830000 - 0x00007ffb2985b000 	C:\Windows\System32\GDI32.dll
0x00007ffb27740000 - 0x00007ffb27859000 	C:\Windows\System32\gdi32full.dll
0x00007ffb27860000 - 0x00007ffb278fd000 	C:\Windows\System32\msvcp_win.dll
0x00007ffb03330000 - 0x00007ffb0334e000 	c:\Users\royzo\.vscode\extensions\redhat.java-1.44.0-win32-x64\jre\21.0.8-win32-x86_64\bin\VCRUNTIME140.dll
0x00007ffb0b110000 - 0x00007ffb0b3aa000 	C:\Windows\WinSxS\amd64_microsoft.windows.common-controls_6595b64144ccf1df_6.0.19041.5915_none_60b4b9d171f9c7c7\COMCTL32.dll
0x00007ffb28520000 - 0x00007ffb285be000 	C:\Windows\System32\msvcrt.dll
0x00007ffb28cf0000 - 0x00007ffb28d1f000 	C:\Windows\System32\IMM32.DLL
0x00007ffb22cc0000 - 0x00007ffb22ccc000 	c:\Users\royzo\.vscode\extensions\redhat.java-1.44.0-win32-x64\jre\21.0.8-win32-x86_64\bin\vcruntime140_1.dll
0x00007ffadd2f0000 - 0x00007ffadd37d000 	c:\Users\royzo\.vscode\extensions\redhat.java-1.44.0-win32-x64\jre\21.0.8-win32-x86_64\bin\msvcp140.dll
0x00007ffa8e2f0000 - 0x00007ffa8f087000 	c:\Users\royzo\.vscode\extensions\redhat.java-1.44.0-win32-x64\jre\21.0.8-win32-x86_64\bin\server\jvm.dll
0x00007ffb286f0000 - 0x00007ffb287a1000 	C:\Windows\System32\ADVAPI32.dll
0x00007ffb295f0000 - 0x00007ffb2968f000 	C:\Windows\System32\sechost.dll
0x00007ffb285c0000 - 0x00007ffb286e3000 	C:\Windows\System32\RPCRT4.dll
0x00007ffb27410000 - 0x00007ffb27437000 	C:\Windows\System32\bcrypt.dll
0x00007ffb28d20000 - 0x00007ffb28d8b000 	C:\Windows\System32\WS2_32.dll
0x00007ffb26550000 - 0x00007ffb2659b000 	C:\Windows\SYSTEM32\POWRPROF.dll
0x00007ffb1b2d0000 - 0x00007ffb1b2f7000 	C:\Windows\SYSTEM32\WINMM.dll
0x00007ffb203a0000 - 0x00007ffb203aa000 	C:\Windows\SYSTEM32\VERSION.dll
0x00007ffb263c0000 - 0x00007ffb263d2000 	C:\Windows\SYSTEM32\UMPDC.dll
0x00007ffb25830000 - 0x00007ffb25842000 	C:\Windows\SYSTEM32\kernel.appcore.dll
0x00007ffb162e0000 - 0x00007ffb162ea000 	c:\Users\royzo\.vscode\extensions\redhat.java-1.44.0-win32-x64\jre\21.0.8-win32-x86_64\bin\jimage.dll
0x00007ffb24ca0000 - 0x00007ffb24ea1000 	C:\Windows\SYSTEM32\DBGHELP.DLL
0x00007ffb07090000 - 0x00007ffb070c4000 	C:\Windows\SYSTEM32\dbgcore.DLL
0x00007ffb27900000 - 0x00007ffb27982000 	C:\Windows\System32\bcryptPrimitives.dll
0x00007ffb15fd0000 - 0x00007ffb15fdf000 	c:\Users\royzo\.vscode\extensions\redhat.java-1.44.0-win32-x64\jre\21.0.8-win32-x86_64\bin\instrument.dll
0x00007ffb062f0000 - 0x00007ffb0630f000 	c:\Users\royzo\.vscode\extensions\redhat.java-1.44.0-win32-x64\jre\21.0.8-win32-x86_64\bin\java.dll
0x00007ffb28d90000 - 0x00007ffb294fe000 	C:\Windows\System32\SHELL32.dll
0x00007ffb25040000 - 0x00007ffb257e4000 	C:\Windows\SYSTEM32\windows.storage.dll
0x00007ffb288e0000 - 0x00007ffb28c33000 	C:\Windows\System32\combase.dll
0x00007ffb26950000 - 0x00007ffb2697b000 	C:\Windows\SYSTEM32\Wldp.dll
0x00007ffb29860000 - 0x00007ffb2992d000 	C:\Windows\System32\OLEAUT32.dll
0x00007ffb28c40000 - 0x00007ffb28ced000 	C:\Windows\System32\SHCORE.dll
0x00007ffb27990000 - 0x00007ffb279eb000 	C:\Windows\System32\shlwapi.dll
0x00007ffb26f30000 - 0x00007ffb26f54000 	C:\Windows\SYSTEM32\profapi.dll
0x00007ffb062d0000 - 0x00007ffb062e8000 	c:\Users\royzo\.vscode\extensions\redhat.java-1.44.0-win32-x64\jre\21.0.8-win32-x86_64\bin\zip.dll
0x00007ffb0a9b0000 - 0x00007ffb0a9c0000 	C:\Users\royzo\.vscode\extensions\redhat.java-1.44.0-win32-x64\jre\21.0.8-win32-x86_64\bin\net.dll
0x00007ffb20800000 - 0x00007ffb2090a000 	C:\Windows\SYSTEM32\WINHTTP.dll
0x00007ffb26730000 - 0x00007ffb2679a000 	C:\Windows\system32\mswsock.dll
0x00007ffb05ec0000 - 0x00007ffb05ed6000 	C:\Users\royzo\.vscode\extensions\redhat.java-1.44.0-win32-x64\jre\21.0.8-win32-x86_64\bin\nio.dll
0x00007ffb06220000 - 0x00007ffb06230000 	c:\Users\royzo\.vscode\extensions\redhat.java-1.44.0-win32-x64\jre\21.0.8-win32-x86_64\bin\verify.dll
0x00007ffafd030000 - 0x00007ffafd075000 	C:\Users\royzo\AppData\Roaming\Code\User\globalStorage\redhat.java\1.44.0\config_win\org.eclipse.equinox.launcher\org.eclipse.equinox.launcher.win32.win32.x86_64_1.2.1400.v20250730-1736\eclipse_11913.dll
0x00007ffb27fa0000 - 0x00007ffb280cb000 	C:\Windows\System32\ole32.dll
0x00007ffb26990000 - 0x00007ffb269a8000 	C:\Windows\SYSTEM32\CRYPTSP.dll
0x00007ffb26000000 - 0x00007ffb26038000 	C:\Windows\system32\rsaenh.dll
0x00007ffb26eb0000 - 0x00007ffb26ede000 	C:\Windows\SYSTEM32\USERENV.dll
0x00007ffb268c0000 - 0x00007ffb268cc000 	C:\Windows\SYSTEM32\CRYPTBASE.dll
0x00007ffb263e0000 - 0x00007ffb2641b000 	C:\Windows\SYSTEM32\IPHLPAPI.DLL
0x00007ffb282e0000 - 0x00007ffb282e8000 	C:\Windows\System32\NSI.dll
0x00007ffae7100000 - 0x00007ffae7149000 	C:\Users\royzo\AppData\Local\Temp\jna-108708369\jna15387656166362567030.dll
0x00007ffb288d0000 - 0x00007ffb288d8000 	C:\Windows\System32\PSAPI.DLL
0x00007ffb20eb0000 - 0x00007ffb20ec7000 	C:\Windows\SYSTEM32\dhcpcsvc6.DLL
0x00007ffb22560000 - 0x00007ffb2257d000 	C:\Windows\SYSTEM32\dhcpcsvc.DLL
0x00007ffb26250000 - 0x00007ffb26283000 	C:\Windows\SYSTEM32\ntmarta.dll
0x00007ffb06260000 - 0x00007ffb0626e000 	C:\Users\royzo\.vscode\extensions\redhat.java-1.44.0-win32-x64\jre\21.0.8-win32-x86_64\bin\sunmscapi.dll
0x00007ffb27200000 - 0x00007ffb2735d000 	C:\Windows\System32\CRYPT32.dll
0x00007ffb26aa0000 - 0x00007ffb26ac7000 	C:\Windows\SYSTEM32\ncrypt.dll
0x00007ffb26a60000 - 0x00007ffb26a9b000 	C:\Windows\SYSTEM32\NTASN1.dll
0x00007ffb26430000 - 0x00007ffb264fa000 	C:\Windows\SYSTEM32\DNSAPI.dll
0x00007ffb0fd80000 - 0x00007ffb0fd8a000 	C:\Windows\System32\rasadhlp.dll
0x00007ffb1e020000 - 0x00007ffb1e0a0000 	C:\Windows\System32\fwpuclnt.dll
0x00007ffb06250000 - 0x00007ffb06259000 	C:\Users\royzo\.vscode\extensions\redhat.java-1.44.0-win32-x64\jre\21.0.8-win32-x86_64\bin\extnet.dll

JVMTI agents:
c:\Users\royzo\.vscode\extensions\redhat.java-1.44.0-win32-x64\lombok\lombok-1.18.39-4050.jar path:c:\Users\royzo\.vscode\extensions\redhat.java-1.44.0-win32-x64\jre\21.0.8-win32-x86_64\bin\instrument.dll, loaded, initialized, instrumentlib options:none

dbghelp: loaded successfully - version: 4.0.5 - missing functions: none
symbol engine: initialized successfully - sym options: 0x614 - pdb path: .;c:\Users\royzo\.vscode\extensions\redhat.java-1.44.0-win32-x64\jre\21.0.8-win32-x86_64\bin;C:\Windows\SYSTEM32;C:\Windows\WinSxS\amd64_microsoft.windows.common-controls_6595b64144ccf1df_6.0.19041.5915_none_60b4b9d171f9c7c7;c:\Users\royzo\.vscode\extensions\redhat.java-1.44.0-win32-x64\jre\21.0.8-win32-x86_64\bin\server;C:\Users\royzo\AppData\Roaming\Code\User\globalStorage\redhat.java\1.44.0\config_win\org.eclipse.equinox.launcher\org.eclipse.equinox.launcher.win32.win32.x86_64_1.2.1400.v20250730-1736;C:\Users\royzo\AppData\Local\Temp\jna-108708369

VM Arguments:
jvm_args: --add-modules=ALL-SYSTEM --add-opens=java.base/java.util=ALL-UNNAMED --add-opens=java.base/java.lang=ALL-UNNAMED --add-opens=java.base/sun.nio.fs=ALL-UNNAMED -Declipse.application=org.eclipse.jdt.ls.core.id1 -Dosgi.bundles.defaultStartLevel=4 -Declipse.product=org.eclipse.jdt.ls.core.product -Djava.import.generatesMetadataFilesAtProjectRoot=false -DDetectVMInstallationsJob.disabled=true -Dfile.encoding=utf8 -XX:+UseParallelGC -XX:GCTimeRatio=4 -XX:AdaptiveSizePolicyWeight=90 -Dsun.zip.disableMemoryMapping=true -Xmx2G -Xms100m -Xlog:disable -javaagent:c:\Users\royzo\.vscode\extensions\redhat.java-1.44.0-win32-x64\lombok\lombok-1.18.39-4050.jar -XX:+HeapDumpOnOutOfMemoryError -XX:HeapDumpPath=c:\Users\royzo\AppData\Roaming\Code\User\workspaceStorage\86c329e01a2da296686c24645df51296\redhat.java -Daether.dependencyCollector.impl=bf 
java_command: c:\Users\royzo\.vscode\extensions\redhat.java-1.44.0-win32-x64\server\plugins\org.eclipse.equinox.launcher_1.7.0.v20250519-0528.jar -configuration c:\Users\royzo\AppData\Roaming\Code\User\globalStorage\redhat.java\1.44.0\config_win -data c:\Users\royzo\AppData\Roaming\Code\User\workspaceStorage\86c329e01a2da296686c24645df51296\redhat.java\jdt_ws --pipe=\\.\pipe\lsp-18181ae93ab9927a172ffbf221ca2c67-sock
java_class_path (initial): c:\Users\royzo\.vscode\extensions\redhat.java-1.44.0-win32-x64\server\plugins\org.eclipse.equinox.launcher_1.7.0.v20250519-0528.jar
Launcher Type: SUN_STANDARD

[Global flags]
    uintx AdaptiveSizePolicyWeight                 = 90                                        {product} {command line}
     intx CICompilerCount                          = 12                                        {product} {ergonomic}
    uintx GCTimeRatio                              = 4                                         {product} {command line}
     bool HeapDumpOnOutOfMemoryError               = true                                   {manageable} {command line}
    ccstr HeapDumpPath                             = c:\Users\royzo\AppData\Roaming\Code\User\workspaceStorage\86c329e01a2da296686c24645df51296\redhat.java         {manageable} {command line}
   size_t InitialHeapSize                          = 104857600                                 {product} {command line}
   size_t MaxHeapSize                              = 2147483648                                {product} {command line}
   size_t MaxNewSize                               = 715653120                                 {product} {ergonomic}
   size_t MinHeapDeltaBytes                        = 524288                                    {product} {ergonomic}
   size_t MinHeapSize                              = 104857600                                 {product} {command line}
   size_t NewSize                                  = 34603008                                  {product} {ergonomic}
    uintx NonNMethodCodeHeapSize                   = 7602480                                {pd product} {ergonomic}
    uintx NonProfiledCodeHeapSize                  = 122027880                              {pd product} {ergonomic}
   size_t OldSize                                  = 70254592                                  {product} {ergonomic}
    uintx ProfiledCodeHeapSize                     = 122027880                              {pd product} {ergonomic}
    uintx ReservedCodeCacheSize                    = 251658240                              {pd product} {ergonomic}
     bool SegmentedCodeCache                       = true                                      {product} {ergonomic}
   size_t SoftMaxHeapSize                          = 2147483648                             {manageable} {ergonomic}
     bool UseCompressedOops                        = true                           {product lp64_product} {ergonomic}
     bool UseLargePagesIndividualAllocation        = false                                  {pd product} {ergonomic}
     bool UseParallelGC                            = true                                      {product} {command line}

Logging:
Log output configuration:
 #0: stdout all=off uptime,level,tags foldmultilines=false
 #1: stderr all=off uptime,level,tags foldmultilines=false

Environment Variables:
JAVA_HOME=C:\Program Files\Java\jdk-17
PATH=C:\Program Files\Java\jdk-17\bin;C:\Python310\Scripts\;C:\Python310\;C:\Program Files\Common Files\Oracle\Java\javapath;C:\Windows\system32;C:\Windows;C:\Windows\System32\Wbem;C:\Windows\System32\WindowsPowerShell\v1.0\;C:\Windows\System32\OpenSSH\;C:\Program Files\Git\cmd;C:\ProgramData\chocolatey\bin;C:\Program Files\Microsoft SQL Server\150\Tools\Binn\;C:\Program Files\Microsoft SQL Server\Client SDK\ODBC\170\Tools\Binn\;C:\Program Files\Docker\Docker\resources\bin;C:\ProgramData\DockerDesktop\version-bin;C:\Program Files\dotnet\;C:\Program Files (x86)\NVIDIA Corporation\PhysX\Common;C:\Gradle\gradle-8.7\bin;C:\apache-maven-3.9.6\bin\mvn.cmd;C:\Program Files (x86)\Microsoft SQL Server\160\DTS\Binn\;C:\Program Files\NVIDIA Corporation\NVIDIA app\NvDLISR;C:\php-8.4.3;C:\Program Files\nodejs\;C:\Program Files\MySQL\MySQL Shell 8.0\bin\;C:\Users\royzo\AppData\Local\Microsoft\WindowsApps;C:\Users\royzo\AppData\Local\Programs\Microsoft VS Code\bin;C:\Users\royzo\.dotnet\tools;C:\Users\royzo\AppData\Local\Programs\Azure Data Studio\bin;C:\Users\royzo\AppData\Local\Microsoft\WinGet\Packages\Schniz.fnm_Microsoft.Winget.Source_8wekyb3d8bbwe;C:\Users\royzo\AppData\Roaming\npm;C:\apache-maven-3.9.10-bin\apache-maven-3.9.10\bin;C:\Program Files\heroku\bin
USERNAME=royzo
OS=Windows_NT
PROCESSOR_IDENTIFIER=AMD64 Family 23 Model 1 Stepping 1, AuthenticAMD
TMP=C:\Users\royzo\AppData\Local\Temp
TEMP=C:\Users\royzo\AppData\Local\Temp




Periodic native trim disabled

---------------  S Y S T E M  ---------------

OS:
 Windows 10 , 64 bit Build 19041 (10.0.19041.5915)
OS uptime: 0 days 18:17 hours
Hyper-V role detected

CPU: total 16 (initial active 16) (16 cores per cpu, 2 threads per core) family 23 model 1 stepping 1 microcode 0x0, cx8, cmov, fxsr, ht, mmx, 3dnowpref, sse, sse2, sse3, ssse3, sse4a, sse4.1, sse4.2, popcnt, lzcnt, tsc, tscinvbit, avx, avx2, aes, clmul, bmi1, bmi2, adx, sha, fma, vzeroupper, clflush, clflushopt, hv, rdtscp, f16c
Processor Information for the first 16 processors :
  Max Mhz: 3400, Current Mhz: 3400, Mhz Limit: 3400

Memory: 4k page, system-wide physical 32714M (9157M free)
TotalPageFile size 34762M (AvailPageFile size 3M)
current process WorkingSet (physical memory assigned to process): 152M, peak: 1893M
current process commit charge ("private bytes"): 1007M, peak: 1821M

vm_info: OpenJDK 64-Bit Server VM (21.0.8+9-LTS) for windows-amd64 JRE (21.0.8+9-LTS), built on 2025-07-15T00:00:00Z by "admin" with MS VC++ 17.7 (VS2022)

END.
